<?xml version="1.0" encoding="UTF-8"?>
<!-- Generated by org.testng.reporters.JUnitReportReporter -->
<testsuite hostname="DESKTOP-597" name="TestFramework.basics3" tests="1" failures="0" timestamp="9 Jul 2018 12:00:02 GMT" time="0.332" errors="0">
  <testcase name="AddandDeletePlace" time="0.332" classname="TestFramework.basics3"/>
</testsuite>
