<?xml version="1.0" encoding="UTF-8"?>
<!-- Generated by org.testng.reporters.JUnitReportReporter -->
<testsuite hostname="DESKTOP-597" name="TestFramework.basics8" tests="1" failures="0" timestamp="9 Jul 2018 12:00:02 GMT" time="0.333" errors="0">
  <testcase name="JiraAPIUpdate" time="0.333" classname="TestFramework.basics8"/>
</testsuite>
