<?xml version="1.0" encoding="UTF-8"?>
<!-- Generated by org.testng.reporters.JUnitReportReporter -->
<testsuite hostname="DESKTOP-597" name="TestFramework.basics5" tests="1" failures="0" timestamp="9 Jul 2018 12:00:02 GMT" time="0.748" errors="0">
  <testcase name="extractingNamesAPI" time="0.748" classname="TestFramework.basics5"/>
</testsuite>
