<?xml version="1.0" encoding="UTF-8"?>
<!-- Generated by org.testng.reporters.JUnitReportReporter -->
<testsuite hostname="DESKTOP-597" name="TestFramework.basics6" tests="1" failures="0" timestamp="9 Jul 2018 12:00:02 GMT" time="0.594" errors="0">
  <testcase name="JiraAPICreateIssue" time="0.594" classname="TestFramework.basics6"/>
</testsuite>
